{"/Users/hongru/Work/gitlab/One-Request/or-htmlone-gulp/index.js":{"path":"/Users/hongru/Work/gitlab/One-Request/or-htmlone-gulp/index.js","s":{"1":1,"2":1,"3":1,"4":1,"5":1,"6":1,"7":1,"8":1,"9":1,"10":1,"11":1,"12":1,"13":1,"14":1,"15":1,"16":1,"17":1,"18":1,"19":9,"20":9,"21":9,"22":1,"23":1,"24":9,"25":1,"26":1,"27":1,"28":1,"29":1,"30":9,"31":9,"32":9,"33":9,"34":9,"35":9,"36":9,"37":9,"38":9,"39":9,"40":6,"41":6,"42":3,"43":3,"44":3,"45":3,"46":3,"47":3,"48":3,"49":3,"50":3,"51":1,"52":1,"53":1,"54":1,"55":1,"56":0,"57":2,"58":2,"59":2,"60":1,"61":1,"62":2,"63":2,"64":2,"65":2,"66":2,"67":0,"68":1,"69":3,"70":3,"71":3,"72":3,"73":3,"74":3,"75":3,"76":3,"77":3,"78":1,"79":9,"80":9,"81":9,"82":9,"83":9,"84":9,"85":9,"86":9,"87":9,"88":9,"89":4,"90":4,"91":5,"92":5,"93":5,"94":5,"95":5,"96":5,"97":4,"98":2,"99":2,"100":2,"101":2,"102":2,"103":2,"104":2,"105":2,"106":2,"107":2,"108":0,"109":0,"110":2,"111":1,"112":2,"113":0,"114":2,"115":2,"116":2,"117":2,"118":2,"119":2,"120":2,"121":2,"122":2,"123":2,"124":2,"125":2,"126":0,"127":1,"128":1,"129":1,"130":5,"131":5,"132":5,"133":4,"134":4,"135":4,"136":4,"137":4,"138":4,"139":4,"140":4,"141":4,"142":6,"143":6,"144":4,"145":6,"146":6,"147":6,"148":6,"149":17,"150":16,"151":1,"152":1,"153":1,"154":1,"155":1,"156":1,"157":1,"158":6,"159":0,"160":0,"161":0,"162":0,"163":0,"164":0,"165":0,"166":0,"167":6,"168":4,"169":0,"170":4,"171":16,"172":8,"173":8,"174":8,"175":8,"176":8,"177":4,"178":6,"179":6,"180":6,"181":1,"182":9,"183":9,"184":9,"185":9,"186":9,"187":9,"188":9,"189":9,"190":9,"191":18,"192":9,"193":9,"194":9,"195":9,"196":9,"197":9,"198":9,"199":1,"200":9,"201":9,"202":9,"203":1,"204":9,"205":0,"206":9,"207":0,"208":9,"209":9,"210":9,"211":9,"212":9,"213":9,"214":9,"215":9,"216":9,"217":9,"218":9,"219":9},"b":{"1":[9,0],"2":[1,0],"3":[1,1],"4":[6,3],"5":[6,6],"6":[3,0],"7":[3,0,3,3],"8":[1,2],"9":[1,0],"10":[2,0],"11":[1,1],"12":[3,0],"13":[3,0],"14":[3,3],"15":[4,5],"16":[4,4],"17":[4,1],"18":[2,2],"19":[2,0],"20":[2,0],"21":[1,1],"22":[0,2],"23":[2,0],"24":[5,0],"25":[5,5],"26":[4,0],"27":[4,2],"28":[16,1],"29":[17,1],"30":[1,0],"31":[0,0],"32":[0,0],"33":[0,0],"34":[0,4],"35":[8,8],"36":[16,8],"37":[9,0],"38":[9,9],"39":[18,16],"40":[9,9],"41":[9,8],"42":[0,9],"43":[0,9],"44":[9,0]},"f":{"1":9,"2":1,"3":1,"4":9,"5":3,"6":2,"7":2,"8":3,"9":3,"10":9,"11":5,"12":2,"13":2,"14":2,"15":2,"16":2,"17":2,"18":5,"19":4,"20":6,"21":17,"22":0,"23":4,"24":16,"25":6,"26":9,"27":18,"28":9,"29":9,"30":9,"31":9,"32":9},"fnMap":{"1":{"name":"extend","line":22,"loc":{"start":{"line":22,"column":0},"end":{"line":22,"column":44}}},"2":{"name":"(anonymous_2)","line":32,"loc":{"start":{"line":32,"column":17},"end":{"line":32,"column":29}}},"3":{"name":"(anonymous_3)","line":34,"loc":{"start":{"line":34,"column":9},"end":{"line":34,"column":21}}},"4":{"name":"(anonymous_4)","line":40,"loc":{"start":{"line":40,"column":18},"end":{"line":40,"column":44}}},"5":{"name":"(anonymous_5)","line":56,"loc":{"start":{"line":56,"column":14},"end":{"line":56,"column":31}}},"6":{"name":"(anonymous_6)","line":84,"loc":{"start":{"line":84,"column":45},"end":{"line":84,"column":70}}},"7":{"name":"(anonymous_7)","line":85,"loc":{"start":{"line":85,"column":23},"end":{"line":85,"column":35}}},"8":{"name":"(anonymous_8)","line":100,"loc":{"start":{"line":100,"column":22},"end":{"line":100,"column":44}}},"9":{"name":"(anonymous_9)","line":113,"loc":{"start":{"line":113,"column":17},"end":{"line":113,"column":29}}},"10":{"name":"(anonymous_10)","line":124,"loc":{"start":{"line":124,"column":19},"end":{"line":124,"column":45}}},"11":{"name":"(anonymous_11)","line":141,"loc":{"start":{"line":141,"column":17},"end":{"line":141,"column":34}}},"12":{"name":"(anonymous_12)","line":156,"loc":{"start":{"line":156,"column":47},"end":{"line":156,"column":86}}},"13":{"name":"(anonymous_13)","line":157,"loc":{"start":{"line":157,"column":33},"end":{"line":157,"column":51}}},"14":{"name":"(anonymous_14)","line":177,"loc":{"start":{"line":177,"column":58},"end":{"line":177,"column":88}}},"15":{"name":"(anonymous_15)","line":178,"loc":{"start":{"line":178,"column":31},"end":{"line":178,"column":43}}},"16":{"name":"(anonymous_16)","line":186,"loc":{"start":{"line":186,"column":53},"end":{"line":186,"column":78}}},"17":{"name":"(anonymous_17)","line":187,"loc":{"start":{"line":187,"column":39},"end":{"line":187,"column":57}}},"18":{"name":"(anonymous_18)","line":207,"loc":{"start":{"line":207,"column":17},"end":{"line":207,"column":29}}},"19":{"name":"(anonymous_19)","line":213,"loc":{"start":{"line":213,"column":25},"end":{"line":213,"column":61}}},"20":{"name":"(anonymous_20)","line":225,"loc":{"start":{"line":225,"column":17},"end":{"line":225,"column":47}}},"21":{"name":"(anonymous_21)","line":234,"loc":{"start":{"line":234,"column":50},"end":{"line":234,"column":66}}},"22":{"name":"(anonymous_22)","line":250,"loc":{"start":{"line":250,"column":50},"end":{"line":250,"column":66}}},"23":{"name":"(anonymous_23)","line":265,"loc":{"start":{"line":265,"column":12},"end":{"line":265,"column":35}}},"24":{"name":"(anonymous_24)","line":267,"loc":{"start":{"line":267,"column":57},"end":{"line":267,"column":73}}},"25":{"name":"(anonymous_25)","line":280,"loc":{"start":{"line":280,"column":11},"end":{"line":280,"column":26}}},"26":{"name":"(anonymous_26)","line":299,"loc":{"start":{"line":299,"column":18},"end":{"line":299,"column":61}}},"27":{"name":"(anonymous_27)","line":314,"loc":{"start":{"line":314,"column":27},"end":{"line":314,"column":39}}},"28":{"name":"(anonymous_28)","line":321,"loc":{"start":{"line":321,"column":45},"end":{"line":321,"column":57}}},"29":{"name":"(anonymous_29)","line":327,"loc":{"start":{"line":327,"column":47},"end":{"line":327,"column":59}}},"30":{"name":"(anonymous_30)","line":335,"loc":{"start":{"line":335,"column":17},"end":{"line":335,"column":32}}},"31":{"name":"transform","line":349,"loc":{"start":{"line":349,"column":2},"end":{"line":349,"column":36}}},"32":{"name":"(anonymous_32)","line":358,"loc":{"start":{"line":358,"column":40},"end":{"line":358,"column":56}}}},"statementMap":{"1":{"start":{"line":1,"column":0},"end":{"line":1,"column":34}},"2":{"start":{"line":2,"column":0},"end":{"line":2,"column":33}},"3":{"start":{"line":3,"column":0},"end":{"line":3,"column":27}},"4":{"start":{"line":5,"column":0},"end":{"line":5,"column":33}},"5":{"start":{"line":6,"column":0},"end":{"line":6,"column":34}},"6":{"start":{"line":7,"column":0},"end":{"line":7,"column":39}},"7":{"start":{"line":8,"column":0},"end":{"line":8,"column":23}},"8":{"start":{"line":9,"column":0},"end":{"line":9,"column":31}},"9":{"start":{"line":10,"column":0},"end":{"line":10,"column":25}},"10":{"start":{"line":11,"column":0},"end":{"line":11,"column":27}},"11":{"start":{"line":12,"column":0},"end":{"line":12,"column":35}},"12":{"start":{"line":15,"column":0},"end":{"line":15,"column":36}},"13":{"start":{"line":16,"column":0},"end":{"line":16,"column":32}},"14":{"start":{"line":17,"column":0},"end":{"line":17,"column":30}},"15":{"start":{"line":18,"column":0},"end":{"line":18,"column":42}},"16":{"start":{"line":19,"column":0},"end":{"line":19,"column":32}},"17":{"start":{"line":20,"column":0},"end":{"line":20,"column":24}},"18":{"start":{"line":22,"column":0},"end":{"line":30,"column":1}},"19":{"start":{"line":23,"column":4},"end":{"line":23,"column":53}},"20":{"start":{"line":23,"column":34},"end":{"line":23,"column":53}},"21":{"start":{"line":24,"column":4},"end":{"line":28,"column":5}},"22":{"start":{"line":25,"column":8},"end":{"line":27,"column":9}},"23":{"start":{"line":26,"column":12},"end":{"line":26,"column":31}},"24":{"start":{"line":29,"column":4},"end":{"line":29,"column":16}},"25":{"start":{"line":32,"column":0},"end":{"line":37,"column":4}},"26":{"start":{"line":33,"column":2},"end":{"line":33,"column":12}},"27":{"start":{"line":34,"column":2},"end":{"line":36,"column":3}},"28":{"start":{"line":35,"column":4},"end":{"line":35,"column":16}},"29":{"start":{"line":40,"column":0},"end":{"line":98,"column":2}},"30":{"start":{"line":41,"column":2},"end":{"line":41,"column":18}},"31":{"start":{"line":42,"column":2},"end":{"line":42,"column":22}},"32":{"start":{"line":43,"column":2},"end":{"line":43,"column":15}},"33":{"start":{"line":44,"column":2},"end":{"line":44,"column":25}},"34":{"start":{"line":45,"column":2},"end":{"line":45,"column":25}},"35":{"start":{"line":46,"column":2},"end":{"line":46,"column":13}},"36":{"start":{"line":48,"column":2},"end":{"line":48,"column":20}},"37":{"start":{"line":49,"column":2},"end":{"line":49,"column":16}},"38":{"start":{"line":50,"column":2},"end":{"line":50,"column":34}},"39":{"start":{"line":52,"column":2},"end":{"line":97,"column":5}},"40":{"start":{"line":53,"column":6},"end":{"line":53,"column":25}},"41":{"start":{"line":54,"column":6},"end":{"line":54,"column":27}},"42":{"start":{"line":56,"column":6},"end":{"line":96,"column":9}},"43":{"start":{"line":57,"column":10},"end":{"line":57,"column":28}},"44":{"start":{"line":58,"column":10},"end":{"line":58,"column":40}},"45":{"start":{"line":59,"column":10},"end":{"line":59,"column":42}},"46":{"start":{"line":60,"column":10},"end":{"line":60,"column":38}},"47":{"start":{"line":61,"column":10},"end":{"line":61,"column":28}},"48":{"start":{"line":62,"column":10},"end":{"line":62,"column":60}},"49":{"start":{"line":64,"column":10},"end":{"line":94,"column":11}},"50":{"start":{"line":65,"column":12},"end":{"line":91,"column":13}},"51":{"start":{"line":66,"column":14},"end":{"line":66,"column":65}},"52":{"start":{"line":67,"column":14},"end":{"line":73,"column":15}},"53":{"start":{"line":68,"column":16},"end":{"line":68,"column":69}},"54":{"start":{"line":69,"column":16},"end":{"line":69,"column":51}},"55":{"start":{"line":70,"column":16},"end":{"line":70,"column":35}},"56":{"start":{"line":72,"column":16},"end":{"line":72,"column":90}},"57":{"start":{"line":76,"column":14},"end":{"line":76,"column":61}},"58":{"start":{"line":76,"column":41},"end":{"line":76,"column":61}},"59":{"start":{"line":77,"column":14},"end":{"line":82,"column":17}},"60":{"start":{"line":79,"column":18},"end":{"line":79,"column":88}},"61":{"start":{"line":81,"column":18},"end":{"line":81,"column":78}},"62":{"start":{"line":84,"column":14},"end":{"line":90,"column":32}},"63":{"start":{"line":85,"column":16},"end":{"line":89,"column":17}},"64":{"start":{"line":86,"column":18},"end":{"line":86,"column":60}},"65":{"start":{"line":87,"column":18},"end":{"line":87,"column":91}},"66":{"start":{"line":88,"column":18},"end":{"line":88,"column":37}},"67":{"start":{"line":93,"column":12},"end":{"line":93,"column":31}},"68":{"start":{"line":99,"column":0},"end":{"line":120,"column":2}},"69":{"start":{"line":101,"column":4},"end":{"line":106,"column":5}},"70":{"start":{"line":102,"column":6},"end":{"line":105,"column":56}},"71":{"start":{"line":109,"column":4},"end":{"line":109,"column":34}},"72":{"start":{"line":110,"column":4},"end":{"line":110,"column":87}},"73":{"start":{"line":111,"column":4},"end":{"line":111,"column":32}},"74":{"start":{"line":114,"column":4},"end":{"line":114,"column":19}},"75":{"start":{"line":115,"column":4},"end":{"line":118,"column":5}},"76":{"start":{"line":116,"column":8},"end":{"line":116,"column":27}},"77":{"start":{"line":117,"column":8},"end":{"line":117,"column":29}},"78":{"start":{"line":124,"column":0},"end":{"line":205,"column":2}},"79":{"start":{"line":125,"column":2},"end":{"line":125,"column":17}},"80":{"start":{"line":126,"column":2},"end":{"line":126,"column":25}},"81":{"start":{"line":127,"column":2},"end":{"line":127,"column":15}},"82":{"start":{"line":129,"column":2},"end":{"line":129,"column":13}},"83":{"start":{"line":130,"column":2},"end":{"line":130,"column":40}},"84":{"start":{"line":131,"column":2},"end":{"line":131,"column":58}},"85":{"start":{"line":133,"column":2},"end":{"line":133,"column":22}},"86":{"start":{"line":134,"column":2},"end":{"line":134,"column":34}},"87":{"start":{"line":135,"column":2},"end":{"line":135,"column":16}},"88":{"start":{"line":137,"column":2},"end":{"line":204,"column":7}},"89":{"start":{"line":138,"column":8},"end":{"line":138,"column":27}},"90":{"start":{"line":139,"column":8},"end":{"line":139,"column":29}},"91":{"start":{"line":141,"column":8},"end":{"line":203,"column":11}},"92":{"start":{"line":142,"column":12},"end":{"line":142,"column":44}},"93":{"start":{"line":143,"column":12},"end":{"line":143,"column":30}},"94":{"start":{"line":144,"column":12},"end":{"line":144,"column":31}},"95":{"start":{"line":145,"column":12},"end":{"line":145,"column":66}},"96":{"start":{"line":147,"column":12},"end":{"line":201,"column":13}},"97":{"start":{"line":148,"column":16},"end":{"line":197,"column":19}},"98":{"start":{"line":149,"column":20},"end":{"line":149,"column":74}},"99":{"start":{"line":150,"column":20},"end":{"line":167,"column":21}},"100":{"start":{"line":151,"column":22},"end":{"line":151,"column":85}},"101":{"start":{"line":152,"column":22},"end":{"line":152,"column":63}},"102":{"start":{"line":153,"column":22},"end":{"line":153,"column":81}},"103":{"start":{"line":154,"column":22},"end":{"line":164,"column":23}},"104":{"start":{"line":156,"column":24},"end":{"line":161,"column":55}},"105":{"start":{"line":157,"column":26},"end":{"line":160,"column":27}},"106":{"start":{"line":158,"column":28},"end":{"line":158,"column":76}},"107":{"start":{"line":159,"column":28},"end":{"line":159,"column":59}},"108":{"start":{"line":163,"column":24},"end":{"line":163,"column":72}},"109":{"start":{"line":166,"column":22},"end":{"line":166,"column":97}},"110":{"start":{"line":169,"column":20},"end":{"line":169,"column":70}},"111":{"start":{"line":169,"column":48},"end":{"line":169,"column":70}},"112":{"start":{"line":170,"column":20},"end":{"line":175,"column":23}},"113":{"start":{"line":172,"column":24},"end":{"line":172,"column":99}},"114":{"start":{"line":174,"column":24},"end":{"line":174,"column":89}},"115":{"start":{"line":177,"column":22},"end":{"line":196,"column":45}},"116":{"start":{"line":178,"column":24},"end":{"line":195,"column":25}},"117":{"start":{"line":179,"column":28},"end":{"line":179,"column":74}},"118":{"start":{"line":180,"column":28},"end":{"line":180,"column":90}},"119":{"start":{"line":181,"column":28},"end":{"line":181,"column":68}},"120":{"start":{"line":182,"column":28},"end":{"line":182,"column":74}},"121":{"start":{"line":183,"column":28},"end":{"line":183,"column":87}},"122":{"start":{"line":185,"column":28},"end":{"line":194,"column":29}},"123":{"start":{"line":186,"column":30},"end":{"line":190,"column":44}},"124":{"start":{"line":187,"column":32},"end":{"line":189,"column":33}},"125":{"start":{"line":188,"column":34},"end":{"line":188,"column":82}},"126":{"start":{"line":193,"column":30},"end":{"line":193,"column":75}},"127":{"start":{"line":199,"column":16},"end":{"line":199,"column":28}},"128":{"start":{"line":200,"column":16},"end":{"line":200,"column":35}},"129":{"start":{"line":206,"column":0},"end":{"line":297,"column":2}},"130":{"start":{"line":208,"column":4},"end":{"line":211,"column":5}},"131":{"start":{"line":209,"column":6},"end":{"line":209,"column":25}},"132":{"start":{"line":210,"column":6},"end":{"line":210,"column":27}},"133":{"start":{"line":214,"column":6},"end":{"line":214,"column":21}},"134":{"start":{"line":215,"column":6},"end":{"line":215,"column":20}},"135":{"start":{"line":216,"column":6},"end":{"line":218,"column":7}},"136":{"start":{"line":217,"column":10},"end":{"line":217,"column":34}},"137":{"start":{"line":219,"column":6},"end":{"line":219,"column":52}},"138":{"start":{"line":220,"column":6},"end":{"line":220,"column":49}},"139":{"start":{"line":221,"column":6},"end":{"line":221,"column":30}},"140":{"start":{"line":222,"column":6},"end":{"line":222,"column":20}},"141":{"start":{"line":223,"column":6},"end":{"line":223,"column":27}},"142":{"start":{"line":226,"column":4},"end":{"line":226,"column":35}},"143":{"start":{"line":227,"column":4},"end":{"line":227,"column":72}},"144":{"start":{"line":227,"column":35},"end":{"line":227,"column":72}},"145":{"start":{"line":229,"column":4},"end":{"line":229,"column":54}},"146":{"start":{"line":230,"column":4},"end":{"line":230,"column":23}},"147":{"start":{"line":231,"column":4},"end":{"line":231,"column":18}},"148":{"start":{"line":234,"column":4},"end":{"line":248,"column":7}},"149":{"start":{"line":236,"column":8},"end":{"line":236,"column":59}},"150":{"start":{"line":236,"column":50},"end":{"line":236,"column":59}},"151":{"start":{"line":238,"column":8},"end":{"line":238,"column":26}},"152":{"start":{"line":240,"column":8},"end":{"line":240,"column":66}},"153":{"start":{"line":241,"column":8},"end":{"line":241,"column":54}},"154":{"start":{"line":242,"column":8},"end":{"line":242,"column":54}},"155":{"start":{"line":243,"column":8},"end":{"line":245,"column":9}},"156":{"start":{"line":244,"column":10},"end":{"line":244,"column":59}},"157":{"start":{"line":247,"column":8},"end":{"line":247,"column":36}},"158":{"start":{"line":250,"column":4},"end":{"line":260,"column":7}},"159":{"start":{"line":252,"column":8},"end":{"line":252,"column":59}},"160":{"start":{"line":252,"column":50},"end":{"line":252,"column":59}},"161":{"start":{"line":253,"column":8},"end":{"line":253,"column":66}},"162":{"start":{"line":254,"column":8},"end":{"line":254,"column":54}},"163":{"start":{"line":255,"column":8},"end":{"line":255,"column":54}},"164":{"start":{"line":256,"column":8},"end":{"line":258,"column":9}},"165":{"start":{"line":257,"column":10},"end":{"line":257,"column":59}},"166":{"start":{"line":259,"column":8},"end":{"line":259,"column":42}},"167":{"start":{"line":261,"column":4},"end":{"line":261,"column":15}},"168":{"start":{"line":266,"column":4},"end":{"line":266,"column":51}},"169":{"start":{"line":266,"column":31},"end":{"line":266,"column":51}},"170":{"start":{"line":267,"column":4},"end":{"line":276,"column":7}},"171":{"start":{"line":268,"column":6},"end":{"line":275,"column":7}},"172":{"start":{"line":269,"column":8},"end":{"line":269,"column":32}},"173":{"start":{"line":270,"column":8},"end":{"line":270,"column":62}},"174":{"start":{"line":271,"column":8},"end":{"line":271,"column":52}},"175":{"start":{"line":272,"column":8},"end":{"line":272,"column":36}},"176":{"start":{"line":274,"column":8},"end":{"line":274,"column":17}},"177":{"start":{"line":278,"column":4},"end":{"line":278,"column":15}},"178":{"start":{"line":282,"column":6},"end":{"line":287,"column":65}},"179":{"start":{"line":290,"column":6},"end":{"line":293,"column":56}},"180":{"start":{"line":295,"column":8},"end":{"line":295,"column":19}},"181":{"start":{"line":299,"column":0},"end":{"line":332,"column":4}},"182":{"start":{"line":302,"column":6},"end":{"line":302,"column":90}},"183":{"start":{"line":303,"column":6},"end":{"line":305,"column":7}},"184":{"start":{"line":304,"column":8},"end":{"line":304,"column":43}},"185":{"start":{"line":306,"column":6},"end":{"line":306,"column":34}},"186":{"start":{"line":309,"column":6},"end":{"line":309,"column":28}},"187":{"start":{"line":310,"column":6},"end":{"line":310,"column":28}},"188":{"start":{"line":311,"column":6},"end":{"line":311,"column":27}},"189":{"start":{"line":312,"column":6},"end":{"line":312,"column":28}},"190":{"start":{"line":314,"column":6},"end":{"line":318,"column":8}},"191":{"start":{"line":315,"column":8},"end":{"line":317,"column":9}},"192":{"start":{"line":316,"column":10},"end":{"line":316,"column":29}},"193":{"start":{"line":321,"column":6},"end":{"line":324,"column":9}},"194":{"start":{"line":322,"column":8},"end":{"line":322,"column":24}},"195":{"start":{"line":323,"column":8},"end":{"line":323,"column":25}},"196":{"start":{"line":327,"column":6},"end":{"line":330,"column":8}},"197":{"start":{"line":328,"column":8},"end":{"line":328,"column":25}},"198":{"start":{"line":329,"column":8},"end":{"line":329,"column":25}},"199":{"start":{"line":335,"column":0},"end":{"line":371,"column":1}},"200":{"start":{"line":337,"column":4},"end":{"line":344,"column":20}},"201":{"start":{"line":346,"column":4},"end":{"line":346,"column":18}},"202":{"start":{"line":347,"column":4},"end":{"line":347,"column":18}},"203":{"start":{"line":349,"column":2},"end":{"line":368,"column":3}},"204":{"start":{"line":350,"column":4},"end":{"line":350,"column":45}},"205":{"start":{"line":350,"column":23},"end":{"line":350,"column":45}},"206":{"start":{"line":351,"column":4},"end":{"line":351,"column":91}},"207":{"start":{"line":351,"column":25},"end":{"line":351,"column":91}},"208":{"start":{"line":353,"column":4},"end":{"line":353,"column":13}},"209":{"start":{"line":354,"column":4},"end":{"line":354,"column":45}},"210":{"start":{"line":355,"column":4},"end":{"line":355,"column":29}},"211":{"start":{"line":357,"column":4},"end":{"line":357,"column":13}},"212":{"start":{"line":358,"column":4},"end":{"line":367,"column":7}},"213":{"start":{"line":359,"column":8},"end":{"line":359,"column":41}},"214":{"start":{"line":360,"column":8},"end":{"line":360,"column":23}},"215":{"start":{"line":362,"column":8},"end":{"line":362,"column":17}},"216":{"start":{"line":363,"column":8},"end":{"line":366,"column":9}},"217":{"start":{"line":364,"column":12},"end":{"line":364,"column":48}},"218":{"start":{"line":365,"column":12},"end":{"line":365,"column":62}},"219":{"start":{"line":370,"column":2},"end":{"line":370,"column":32}}},"branchMap":{"1":{"line":23,"type":"if","locations":[{"start":{"line":23,"column":4},"end":{"line":23,"column":4}},{"start":{"line":23,"column":4},"end":{"line":23,"column":4}}]},"2":{"line":25,"type":"if","locations":[{"start":{"line":25,"column":8},"end":{"line":25,"column":8}},{"start":{"line":25,"column":8},"end":{"line":25,"column":8}}]},"3":{"line":25,"type":"binary-expr","locations":[{"start":{"line":25,"column":12},"end":{"line":25,"column":24}},{"start":{"line":25,"column":28},"end":{"line":25,"column":39}}]},"4":{"line":52,"type":"if","locations":[{"start":{"line":52,"column":2},"end":{"line":52,"column":2}},{"start":{"line":52,"column":2},"end":{"line":52,"column":2}}]},"5":{"line":54,"type":"binary-expr","locations":[{"start":{"line":54,"column":6},"end":{"line":54,"column":13}},{"start":{"line":54,"column":17},"end":{"line":54,"column":26}}]},"6":{"line":64,"type":"if","locations":[{"start":{"line":64,"column":10},"end":{"line":64,"column":10}},{"start":{"line":64,"column":10},"end":{"line":64,"column":10}}]},"7":{"line":64,"type":"binary-expr","locations":[{"start":{"line":64,"column":15},"end":{"line":64,"column":20}},{"start":{"line":64,"column":24},"end":{"line":64,"column":50}},{"start":{"line":64,"column":55},"end":{"line":64,"column":60}},{"start":{"line":64,"column":64},"end":{"line":64,"column":75}}]},"8":{"line":65,"type":"if","locations":[{"start":{"line":65,"column":12},"end":{"line":65,"column":12}},{"start":{"line":65,"column":12},"end":{"line":65,"column":12}}]},"9":{"line":67,"type":"if","locations":[{"start":{"line":67,"column":14},"end":{"line":67,"column":14}},{"start":{"line":67,"column":14},"end":{"line":67,"column":14}}]},"10":{"line":76,"type":"if","locations":[{"start":{"line":76,"column":14},"end":{"line":76,"column":14}},{"start":{"line":76,"column":14},"end":{"line":76,"column":14}}]},"11":{"line":77,"type":"if","locations":[{"start":{"line":77,"column":14},"end":{"line":77,"column":14}},{"start":{"line":77,"column":14},"end":{"line":77,"column":14}}]},"12":{"line":101,"type":"if","locations":[{"start":{"line":101,"column":4},"end":{"line":101,"column":4}},{"start":{"line":101,"column":4},"end":{"line":101,"column":4}}]},"13":{"line":115,"type":"if","locations":[{"start":{"line":115,"column":4},"end":{"line":115,"column":4}},{"start":{"line":115,"column":4},"end":{"line":115,"column":4}}]},"14":{"line":117,"type":"binary-expr","locations":[{"start":{"line":117,"column":8},"end":{"line":117,"column":15}},{"start":{"line":117,"column":19},"end":{"line":117,"column":28}}]},"15":{"line":137,"type":"if","locations":[{"start":{"line":137,"column":2},"end":{"line":137,"column":2}},{"start":{"line":137,"column":2},"end":{"line":137,"column":2}}]},"16":{"line":139,"type":"binary-expr","locations":[{"start":{"line":139,"column":8},"end":{"line":139,"column":15}},{"start":{"line":139,"column":19},"end":{"line":139,"column":28}}]},"17":{"line":147,"type":"if","locations":[{"start":{"line":147,"column":12},"end":{"line":147,"column":12}},{"start":{"line":147,"column":12},"end":{"line":147,"column":12}}]},"18":{"line":148,"type":"if","locations":[{"start":{"line":148,"column":16},"end":{"line":148,"column":16}},{"start":{"line":148,"column":16},"end":{"line":148,"column":16}}]},"19":{"line":150,"type":"if","locations":[{"start":{"line":150,"column":20},"end":{"line":150,"column":20}},{"start":{"line":150,"column":20},"end":{"line":150,"column":20}}]},"20":{"line":154,"type":"if","locations":[{"start":{"line":154,"column":22},"end":{"line":154,"column":22}},{"start":{"line":154,"column":22},"end":{"line":154,"column":22}}]},"21":{"line":169,"type":"if","locations":[{"start":{"line":169,"column":20},"end":{"line":169,"column":20}},{"start":{"line":169,"column":20},"end":{"line":169,"column":20}}]},"22":{"line":170,"type":"if","locations":[{"start":{"line":170,"column":20},"end":{"line":170,"column":20}},{"start":{"line":170,"column":20},"end":{"line":170,"column":20}}]},"23":{"line":185,"type":"if","locations":[{"start":{"line":185,"column":28},"end":{"line":185,"column":28}},{"start":{"line":185,"column":28},"end":{"line":185,"column":28}}]},"24":{"line":208,"type":"if","locations":[{"start":{"line":208,"column":4},"end":{"line":208,"column":4}},{"start":{"line":208,"column":4},"end":{"line":208,"column":4}}]},"25":{"line":210,"type":"binary-expr","locations":[{"start":{"line":210,"column":6},"end":{"line":210,"column":13}},{"start":{"line":210,"column":17},"end":{"line":210,"column":26}}]},"26":{"line":216,"type":"if","locations":[{"start":{"line":216,"column":6},"end":{"line":216,"column":6}},{"start":{"line":216,"column":6},"end":{"line":216,"column":6}}]},"27":{"line":227,"type":"if","locations":[{"start":{"line":227,"column":4},"end":{"line":227,"column":4}},{"start":{"line":227,"column":4},"end":{"line":227,"column":4}}]},"28":{"line":236,"type":"if","locations":[{"start":{"line":236,"column":8},"end":{"line":236,"column":8}},{"start":{"line":236,"column":8},"end":{"line":236,"column":8}}]},"29":{"line":236,"type":"binary-expr","locations":[{"start":{"line":236,"column":12},"end":{"line":236,"column":28}},{"start":{"line":236,"column":32},"end":{"line":236,"column":48}}]},"30":{"line":243,"type":"if","locations":[{"start":{"line":243,"column":8},"end":{"line":243,"column":8}},{"start":{"line":243,"column":8},"end":{"line":243,"column":8}}]},"31":{"line":252,"type":"if","locations":[{"start":{"line":252,"column":8},"end":{"line":252,"column":8}},{"start":{"line":252,"column":8},"end":{"line":252,"column":8}}]},"32":{"line":252,"type":"binary-expr","locations":[{"start":{"line":252,"column":12},"end":{"line":252,"column":28}},{"start":{"line":252,"column":32},"end":{"line":252,"column":48}}]},"33":{"line":256,"type":"if","locations":[{"start":{"line":256,"column":8},"end":{"line":256,"column":8}},{"start":{"line":256,"column":8},"end":{"line":256,"column":8}}]},"34":{"line":266,"type":"if","locations":[{"start":{"line":266,"column":4},"end":{"line":266,"column":4}},{"start":{"line":266,"column":4},"end":{"line":266,"column":4}}]},"35":{"line":268,"type":"if","locations":[{"start":{"line":268,"column":6},"end":{"line":268,"column":6}},{"start":{"line":268,"column":6},"end":{"line":268,"column":6}}]},"36":{"line":268,"type":"binary-expr","locations":[{"start":{"line":268,"column":10},"end":{"line":268,"column":27}},{"start":{"line":268,"column":31},"end":{"line":268,"column":48}}]},"37":{"line":303,"type":"if","locations":[{"start":{"line":303,"column":6},"end":{"line":303,"column":6}},{"start":{"line":303,"column":6},"end":{"line":303,"column":6}}]},"38":{"line":315,"type":"if","locations":[{"start":{"line":315,"column":8},"end":{"line":315,"column":8}},{"start":{"line":315,"column":8},"end":{"line":315,"column":8}}]},"39":{"line":315,"type":"binary-expr","locations":[{"start":{"line":315,"column":12},"end":{"line":315,"column":20}},{"start":{"line":315,"column":24},"end":{"line":315,"column":33}}]},"40":{"line":316,"type":"binary-expr","locations":[{"start":{"line":316,"column":10},"end":{"line":316,"column":12}},{"start":{"line":316,"column":16},"end":{"line":316,"column":28}}]},"41":{"line":344,"type":"binary-expr","locations":[{"start":{"line":344,"column":8},"end":{"line":344,"column":11}},{"start":{"line":344,"column":15},"end":{"line":344,"column":17}}]},"42":{"line":350,"type":"if","locations":[{"start":{"line":350,"column":4},"end":{"line":350,"column":4}},{"start":{"line":350,"column":4},"end":{"line":350,"column":4}}]},"43":{"line":351,"type":"if","locations":[{"start":{"line":351,"column":4},"end":{"line":351,"column":4}},{"start":{"line":351,"column":4},"end":{"line":351,"column":4}}]},"44":{"line":363,"type":"if","locations":[{"start":{"line":363,"column":8},"end":{"line":363,"column":8}},{"start":{"line":363,"column":8},"end":{"line":363,"column":8}}]}}}}