TN:
SF:/Users/hongru/Work/gitlab/One-Request/or-htmlone-gulp/index.js
FN:22,extend
FN:32,(anonymous_2)
FN:34,(anonymous_3)
FN:40,(anonymous_4)
FN:56,(anonymous_5)
FN:84,(anonymous_6)
FN:85,(anonymous_7)
FN:100,(anonymous_8)
FN:113,(anonymous_9)
FN:124,(anonymous_10)
FN:141,(anonymous_11)
FN:156,(anonymous_12)
FN:157,(anonymous_13)
FN:177,(anonymous_14)
FN:178,(anonymous_15)
FN:186,(anonymous_16)
FN:187,(anonymous_17)
FN:207,(anonymous_18)
FN:213,(anonymous_19)
FN:225,(anonymous_20)
FN:234,(anonymous_21)
FN:250,(anonymous_22)
FN:265,(anonymous_23)
FN:267,(anonymous_24)
FN:280,(anonymous_25)
FN:299,(anonymous_26)
FN:314,(anonymous_27)
FN:321,(anonymous_28)
FN:327,(anonymous_29)
FN:335,(anonymous_30)
FN:349,transform
FN:358,(anonymous_32)
FNF:32
FNH:31
FNDA:9,extend
FNDA:1,(anonymous_2)
FNDA:1,(anonymous_3)
FNDA:9,(anonymous_4)
FNDA:3,(anonymous_5)
FNDA:2,(anonymous_6)
FNDA:2,(anonymous_7)
FNDA:3,(anonymous_8)
FNDA:3,(anonymous_9)
FNDA:9,(anonymous_10)
FNDA:5,(anonymous_11)
FNDA:2,(anonymous_12)
FNDA:2,(anonymous_13)
FNDA:2,(anonymous_14)
FNDA:2,(anonymous_15)
FNDA:2,(anonymous_16)
FNDA:2,(anonymous_17)
FNDA:5,(anonymous_18)
FNDA:4,(anonymous_19)
FNDA:6,(anonymous_20)
FNDA:17,(anonymous_21)
FNDA:0,(anonymous_22)
FNDA:4,(anonymous_23)
FNDA:16,(anonymous_24)
FNDA:6,(anonymous_25)
FNDA:9,(anonymous_26)
FNDA:18,(anonymous_27)
FNDA:9,(anonymous_28)
FNDA:9,(anonymous_29)
FNDA:9,(anonymous_30)
FNDA:9,transform
FNDA:9,(anonymous_32)
DA:1,1
DA:2,1
DA:3,1
DA:5,1
DA:6,1
DA:7,1
DA:8,1
DA:9,1
DA:10,1
DA:11,1
DA:12,1
DA:15,1
DA:16,1
DA:17,1
DA:18,1
DA:19,1
DA:20,1
DA:22,1
DA:23,9
DA:24,9
DA:25,1
DA:26,1
DA:29,9
DA:32,1
DA:33,1
DA:34,1
DA:35,1
DA:40,1
DA:41,9
DA:42,9
DA:43,9
DA:44,9
DA:45,9
DA:46,9
DA:48,9
DA:49,9
DA:50,9
DA:52,9
DA:53,6
DA:54,6
DA:56,3
DA:57,3
DA:58,3
DA:59,3
DA:60,3
DA:61,3
DA:62,3
DA:64,3
DA:65,3
DA:66,1
DA:67,1
DA:68,1
DA:69,1
DA:70,1
DA:72,0
DA:76,2
DA:77,2
DA:79,1
DA:81,1
DA:84,2
DA:85,2
DA:86,2
DA:87,2
DA:88,2
DA:93,0
DA:99,1
DA:101,3
DA:102,3
DA:109,3
DA:110,3
DA:111,3
DA:114,3
DA:115,3
DA:116,3
DA:117,3
DA:124,1
DA:125,9
DA:126,9
DA:127,9
DA:129,9
DA:130,9
DA:131,9
DA:133,9
DA:134,9
DA:135,9
DA:137,9
DA:138,4
DA:139,4
DA:141,5
DA:142,5
DA:143,5
DA:144,5
DA:145,5
DA:147,5
DA:148,4
DA:149,2
DA:150,2
DA:151,2
DA:152,2
DA:153,2
DA:154,2
DA:156,2
DA:157,2
DA:158,2
DA:159,2
DA:163,0
DA:166,0
DA:169,2
DA:170,2
DA:172,0
DA:174,2
DA:177,2
DA:178,2
DA:179,2
DA:180,2
DA:181,2
DA:182,2
DA:183,2
DA:185,2
DA:186,2
DA:187,2
DA:188,2
DA:193,0
DA:199,1
DA:200,1
DA:206,1
DA:208,5
DA:209,5
DA:210,5
DA:214,4
DA:215,4
DA:216,4
DA:217,4
DA:219,4
DA:220,4
DA:221,4
DA:222,4
DA:223,4
DA:226,6
DA:227,6
DA:229,6
DA:230,6
DA:231,6
DA:234,6
DA:236,17
DA:238,1
DA:240,1
DA:241,1
DA:242,1
DA:243,1
DA:244,1
DA:247,1
DA:250,6
DA:252,0
DA:253,0
DA:254,0
DA:255,0
DA:256,0
DA:257,0
DA:259,0
DA:261,6
DA:266,4
DA:267,4
DA:268,16
DA:269,8
DA:270,8
DA:271,8
DA:272,8
DA:274,8
DA:278,4
DA:282,6
DA:290,6
DA:295,6
DA:299,1
DA:302,9
DA:303,9
DA:304,9
DA:306,9
DA:309,9
DA:310,9
DA:311,9
DA:312,9
DA:314,9
DA:315,18
DA:316,9
DA:321,9
DA:322,9
DA:323,9
DA:327,9
DA:328,9
DA:329,9
DA:335,1
DA:337,9
DA:346,9
DA:347,9
DA:349,1
DA:350,9
DA:351,9
DA:353,9
DA:354,9
DA:355,9
DA:357,9
DA:358,9
DA:359,9
DA:360,9
DA:362,9
DA:363,9
DA:364,9
DA:365,9
DA:370,9
LF:210
LH:197
BRDA:23,1,0,9
BRDA:23,1,1,0
BRDA:25,2,0,1
BRDA:25,2,1,0
BRDA:25,3,0,1
BRDA:25,3,1,1
BRDA:52,4,0,6
BRDA:52,4,1,3
BRDA:54,5,0,6
BRDA:54,5,1,6
BRDA:64,6,0,3
BRDA:64,6,1,0
BRDA:64,7,0,3
BRDA:64,7,1,0
BRDA:64,7,2,3
BRDA:64,7,3,3
BRDA:65,8,0,1
BRDA:65,8,1,2
BRDA:67,9,0,1
BRDA:67,9,1,0
BRDA:76,10,0,2
BRDA:76,10,1,0
BRDA:77,11,0,1
BRDA:77,11,1,1
BRDA:101,12,0,3
BRDA:101,12,1,0
BRDA:115,13,0,3
BRDA:115,13,1,0
BRDA:117,14,0,3
BRDA:117,14,1,3
BRDA:137,15,0,4
BRDA:137,15,1,5
BRDA:139,16,0,4
BRDA:139,16,1,4
BRDA:147,17,0,4
BRDA:147,17,1,1
BRDA:148,18,0,2
BRDA:148,18,1,2
BRDA:150,19,0,2
BRDA:150,19,1,0
BRDA:154,20,0,2
BRDA:154,20,1,0
BRDA:169,21,0,1
BRDA:169,21,1,1
BRDA:170,22,0,0
BRDA:170,22,1,2
BRDA:185,23,0,2
BRDA:185,23,1,0
BRDA:208,24,0,5
BRDA:208,24,1,0
BRDA:210,25,0,5
BRDA:210,25,1,5
BRDA:216,26,0,4
BRDA:216,26,1,0
BRDA:227,27,0,4
BRDA:227,27,1,2
BRDA:236,28,0,16
BRDA:236,28,1,1
BRDA:236,29,0,17
BRDA:236,29,1,1
BRDA:243,30,0,1
BRDA:243,30,1,0
BRDA:252,31,0,0
BRDA:252,31,1,0
BRDA:252,32,0,0
BRDA:252,32,1,0
BRDA:256,33,0,0
BRDA:256,33,1,0
BRDA:266,34,0,0
BRDA:266,34,1,4
BRDA:268,35,0,8
BRDA:268,35,1,8
BRDA:268,36,0,16
BRDA:268,36,1,8
BRDA:303,37,0,9
BRDA:303,37,1,0
BRDA:315,38,0,9
BRDA:315,38,1,9
BRDA:315,39,0,18
BRDA:315,39,1,16
BRDA:316,40,0,9
BRDA:316,40,1,9
BRDA:344,41,0,9
BRDA:344,41,1,8
BRDA:350,42,0,0
BRDA:350,42,1,9
BRDA:351,43,0,0
BRDA:351,43,1,9
BRDA:363,44,0,9
BRDA:363,44,1,0
BRF:90
BRH:64
end_of_record
